<?xml version="1.0" encoding="UTF-8"?>
<!-- Generated by org.testng.reporters.JUnitReportReporter -->
<testsuite hostname="DESKTOP-5BD9RGD" failures="0" tests="3" name="devopsExternal.testcases.TestCases" time="0.016" errors="0" timestamp="2023-11-07T13:57:19 IST" skipped="0">
  <testcase classname="devopsExternal.testcases.TestCases" name="case3" time="0.001"/>
  <testcase classname="devopsExternal.testcases.TestCases" name="case1" time="0.014"/>
  <testcase classname="devopsExternal.testcases.TestCases" name="case2" time="0.001"/>
</testsuite> <!-- devopsExternal.testcases.TestCases -->
